
2016-11-03 17:03:54
[WARN]-[Thread: Timer-0]-[com.mchange.v2.async.ThreadPoolAsynchronousRunner$DeadlockDetector.run()]: com.mchange.v2.async.ThreadPoolAsynchronousRunner$DeadlockDetector@38e4e4fd -- APPARENT DEADLOCK!!! Creating emergency threads for unassigned pending tasks!

2016-11-03 17:03:54
[WARN]-[Thread: Timer-0]-[com.mchange.v2.async.ThreadPoolAsynchronousRunner$DeadlockDetector.run()]: com.mchange.v2.async.ThreadPoolAsynchronousRunner$DeadlockDetector@38e4e4fd -- APPARENT DEADLOCK!!! Complete Status: 
	Managed Threads: 3
	Active Threads: 3
	Active Tasks: 
		com.mchange.v2.resourcepool.BasicResourcePool$AcquireTask@137f9375 (com.mchange.v2.async.ThreadPoolAsynchronousRunner$PoolThread-#2)
		com.mchange.v2.resourcepool.BasicResourcePool$AcquireTask@3ab39754 (com.mchange.v2.async.ThreadPoolAsynchronousRunner$PoolThread-#1)
		com.mchange.v2.resourcepool.BasicResourcePool$AcquireTask@69e0f16c (com.mchange.v2.async.ThreadPoolAsynchronousRunner$PoolThread-#0)
	Pending Tasks: 
		com.mchange.v2.resourcepool.BasicResourcePool$AcquireTask@6bd27846
		com.mchange.v2.resourcepool.BasicResourcePool$AcquireTask@459ba72
		com.mchange.v2.resourcepool.BasicResourcePool$AcquireTask@2276949a
		com.mchange.v2.resourcepool.BasicResourcePool$AcquireTask@4c737a29
		com.mchange.v2.resourcepool.BasicResourcePool$AcquireTask@341b3ba9
		com.mchange.v2.resourcepool.BasicResourcePool$AcquireTask@7dd88d72
		com.mchange.v2.resourcepool.BasicResourcePool$AcquireTask@6b1c0417
Pool thread stack traces:
	Thread[com.mchange.v2.async.ThreadPoolAsynchronousRunner$PoolThread-#2,5,main]
		java.net.DualStackPlainSocketImpl.connect0(Native Method)
		java.net.DualStackPlainSocketImpl.socketConnect(DualStackPlainSocketImpl.java:79)
		java.net.AbstractPlainSocketImpl.doConnect(AbstractPlainSocketImpl.java:350)
		java.net.AbstractPlainSocketImpl.connectToAddress(AbstractPlainSocketImpl.java:206)
		java.net.AbstractPlainSocketImpl.connect(AbstractPlainSocketImpl.java:188)
		java.net.PlainSocketImpl.connect(PlainSocketImpl.java:172)
		java.net.SocksSocketImpl.connect(SocksSocketImpl.java:392)
		java.net.Socket.connect(Socket.java:589)
		com.mysql.jdbc.StandardSocketFactory.connect(StandardSocketFactory.java:213)
		com.mysql.jdbc.MysqlIO.<init>(MysqlIO.java:297)
		com.mysql.jdbc.ConnectionImpl.coreConnect(ConnectionImpl.java:2237)
		com.mysql.jdbc.ConnectionImpl.connectOneTryOnly(ConnectionImpl.java:2270)
		com.mysql.jdbc.ConnectionImpl.createNewIO(ConnectionImpl.java:2069)
		com.mysql.jdbc.ConnectionImpl.<init>(ConnectionImpl.java:794)
		com.mysql.jdbc.JDBC4Connection.<init>(JDBC4Connection.java:44)
		sun.reflect.NativeConstructorAccessorImpl.newInstance0(Native Method)
		sun.reflect.NativeConstructorAccessorImpl.newInstance(NativeConstructorAccessorImpl.java:62)
		sun.reflect.DelegatingConstructorAccessorImpl.newInstance(DelegatingConstructorAccessorImpl.java:45)
		java.lang.reflect.Constructor.newInstance(Constructor.java:423)
		com.mysql.jdbc.Util.handleNewInstance(Util.java:389)
		com.mysql.jdbc.ConnectionImpl.getInstance(ConnectionImpl.java:399)
		com.mysql.jdbc.NonRegisteringDriver.connect(NonRegisteringDriver.java:325)
		com.mchange.v2.c3p0.DriverManagerDataSource.getConnection(DriverManagerDataSource.java:134)
		com.mchange.v2.c3p0.WrapperConnectionPoolDataSource.getPooledConnection(WrapperConnectionPoolDataSource.java:182)
		com.mchange.v2.c3p0.WrapperConnectionPoolDataSource.getPooledConnection(WrapperConnectionPoolDataSource.java:171)
		com.mchange.v2.c3p0.impl.C3P0PooledConnectionPool$1PooledConnectionResourcePoolManager.acquireResource(C3P0PooledConnectionPool.java:137)
		com.mchange.v2.resourcepool.BasicResourcePool.doAcquire(BasicResourcePool.java:1014)
		com.mchange.v2.resourcepool.BasicResourcePool.access$800(BasicResourcePool.java:32)
		com.mchange.v2.resourcepool.BasicResourcePool$AcquireTask.run(BasicResourcePool.java:1810)
		com.mchange.v2.async.ThreadPoolAsynchronousRunner$PoolThread.run(ThreadPoolAsynchronousRunner.java:547)
	Thread[com.mchange.v2.async.ThreadPoolAsynchronousRunner$PoolThread-#1,5,main]
		java.net.DualStackPlainSocketImpl.connect0(Native Method)
		java.net.DualStackPlainSocketImpl.socketConnect(DualStackPlainSocketImpl.java:79)
		java.net.AbstractPlainSocketImpl.doConnect(AbstractPlainSocketImpl.java:350)
		java.net.AbstractPlainSocketImpl.connectToAddress(AbstractPlainSocketImpl.java:206)
		java.net.AbstractPlainSocketImpl.connect(AbstractPlainSocketImpl.java:188)
		java.net.PlainSocketImpl.connect(PlainSocketImpl.java:172)
		java.net.SocksSocketImpl.connect(SocksSocketImpl.java:392)
		java.net.Socket.connect(Socket.java:589)
		com.mysql.jdbc.StandardSocketFactory.connect(StandardSocketFactory.java:213)
		com.mysql.jdbc.MysqlIO.<init>(MysqlIO.java:297)
		com.mysql.jdbc.ConnectionImpl.coreConnect(ConnectionImpl.java:2237)
		com.mysql.jdbc.ConnectionImpl.connectOneTryOnly(ConnectionImpl.java:2270)
		com.mysql.jdbc.ConnectionImpl.createNewIO(ConnectionImpl.java:2069)
		com.mysql.jdbc.ConnectionImpl.<init>(ConnectionImpl.java:794)
		com.mysql.jdbc.JDBC4Connection.<init>(JDBC4Connection.java:44)
		sun.reflect.NativeConstructorAccessorImpl.newInstance0(Native Method)
		sun.reflect.NativeConstructorAccessorImpl.newInstance(NativeConstructorAccessorImpl.java:62)
		sun.reflect.DelegatingConstructorAccessorImpl.newInstance(DelegatingConstructorAccessorImpl.java:45)
		java.lang.reflect.Constructor.newInstance(Constructor.java:423)
		com.mysql.jdbc.Util.handleNewInstance(Util.java:389)
		com.mysql.jdbc.ConnectionImpl.getInstance(ConnectionImpl.java:399)
		com.mysql.jdbc.NonRegisteringDriver.connect(NonRegisteringDriver.java:325)
		com.mchange.v2.c3p0.DriverManagerDataSource.getConnection(DriverManagerDataSource.java:134)
		com.mchange.v2.c3p0.WrapperConnectionPoolDataSource.getPooledConnection(WrapperConnectionPoolDataSource.java:182)
		com.mchange.v2.c3p0.WrapperConnectionPoolDataSource.getPooledConnection(WrapperConnectionPoolDataSource.java:171)
		com.mchange.v2.c3p0.impl.C3P0PooledConnectionPool$1PooledConnectionResourcePoolManager.acquireResource(C3P0PooledConnectionPool.java:137)
		com.mchange.v2.resourcepool.BasicResourcePool.doAcquire(BasicResourcePool.java:1014)
		com.mchange.v2.resourcepool.BasicResourcePool.access$800(BasicResourcePool.java:32)
		com.mchange.v2.resourcepool.BasicResourcePool$AcquireTask.run(BasicResourcePool.java:1810)
		com.mchange.v2.async.ThreadPoolAsynchronousRunner$PoolThread.run(ThreadPoolAsynchronousRunner.java:547)
	Thread[com.mchange.v2.async.ThreadPoolAsynchronousRunner$PoolThread-#0,5,main]
		java.net.DualStackPlainSocketImpl.connect0(Native Method)
		java.net.DualStackPlainSocketImpl.socketConnect(DualStackPlainSocketImpl.java:79)
		java.net.AbstractPlainSocketImpl.doConnect(AbstractPlainSocketImpl.java:350)
		java.net.AbstractPlainSocketImpl.connectToAddress(AbstractPlainSocketImpl.java:206)
		java.net.AbstractPlainSocketImpl.connect(AbstractPlainSocketImpl.java:188)
		java.net.PlainSocketImpl.connect(PlainSocketImpl.java:172)
		java.net.SocksSocketImpl.connect(SocksSocketImpl.java:392)
		java.net.Socket.connect(Socket.java:589)
		com.mysql.jdbc.StandardSocketFactory.connect(StandardSocketFactory.java:213)
		com.mysql.jdbc.MysqlIO.<init>(MysqlIO.java:297)
		com.mysql.jdbc.ConnectionImpl.coreConnect(ConnectionImpl.java:2237)
		com.mysql.jdbc.ConnectionImpl.connectOneTryOnly(ConnectionImpl.java:2270)
		com.mysql.jdbc.ConnectionImpl.createNewIO(ConnectionImpl.java:2069)
		com.mysql.jdbc.ConnectionImpl.<init>(ConnectionImpl.java:794)
		com.mysql.jdbc.JDBC4Connection.<init>(JDBC4Connection.java:44)
		sun.reflect.NativeConstructorAccessorImpl.newInstance0(Native Method)
		sun.reflect.NativeConstructorAccessorImpl.newInstance(NativeConstructorAccessorImpl.java:62)
		sun.reflect.DelegatingConstructorAccessorImpl.newInstance(DelegatingConstructorAccessorImpl.java:45)
		java.lang.reflect.Constructor.newInstance(Constructor.java:423)
		com.mysql.jdbc.Util.handleNewInstance(Util.java:389)
		com.mysql.jdbc.ConnectionImpl.getInstance(ConnectionImpl.java:399)
		com.mysql.jdbc.NonRegisteringDriver.connect(NonRegisteringDriver.java:325)
		com.mchange.v2.c3p0.DriverManagerDataSource.getConnection(DriverManagerDataSource.java:134)
		com.mchange.v2.c3p0.WrapperConnectionPoolDataSource.getPooledConnection(WrapperConnectionPoolDataSource.java:182)
		com.mchange.v2.c3p0.WrapperConnectionPoolDataSource.getPooledConnection(WrapperConnectionPoolDataSource.java:171)
		com.mchange.v2.c3p0.impl.C3P0PooledConnectionPool$1PooledConnectionResourcePoolManager.acquireResource(C3P0PooledConnectionPool.java:137)
		com.mchange.v2.resourcepool.BasicResourcePool.doAcquire(BasicResourcePool.java:1014)
		com.mchange.v2.resourcepool.BasicResourcePool.access$800(BasicResourcePool.java:32)
		com.mchange.v2.resourcepool.BasicResourcePool$AcquireTask.run(BasicResourcePool.java:1810)
		com.mchange.v2.async.ThreadPoolAsynchronousRunner$PoolThread.run(ThreadPoolAsynchronousRunner.java:547)



2016-11-03 17:04:54
[WARN]-[Thread: Timer-0]-[com.mchange.v2.async.ThreadPoolAsynchronousRunner.processReplacedThreads()]: Task com.mchange.v2.resourcepool.BasicResourcePool$AcquireTask@137f9375 (in deadlocked PoolThread) failed to complete in maximum time 60000ms. Trying interrupt().

2016-11-03 17:04:54
[WARN]-[Thread: Timer-0]-[com.mchange.v2.async.ThreadPoolAsynchronousRunner.processReplacedThreads()]: Task com.mchange.v2.resourcepool.BasicResourcePool$AcquireTask@3ab39754 (in deadlocked PoolThread) failed to complete in maximum time 60000ms. Trying interrupt().

2016-11-03 17:04:54
[WARN]-[Thread: Timer-0]-[com.mchange.v2.async.ThreadPoolAsynchronousRunner.processReplacedThreads()]: Task com.mchange.v2.resourcepool.BasicResourcePool$AcquireTask@69e0f16c (in deadlocked PoolThread) failed to complete in maximum time 60000ms. Trying interrupt().

2016-11-03 17:05:02
[WARN]-[Thread: com.mchange.v2.async.ThreadPoolAsynchronousRunner$PoolThread-#0]-[com.mchange.v2.resourcepool.BasicResourcePool$AcquireTask.run()]: com.mchange.v2.resourcepool.BasicResourcePool@4034c28c -- Thread unexpectedly interrupted while performing an acquisition attempt.
java.lang.InterruptedException: sleep interrupted
	at java.lang.Thread.sleep(Native Method)
	at com.mchange.v2.resourcepool.BasicResourcePool$AcquireTask.run(BasicResourcePool.java:1805)
	at com.mchange.v2.async.ThreadPoolAsynchronousRunner$PoolThread.run(ThreadPoolAsynchronousRunner.java:547)

2016-11-03 17:05:02
[WARN]-[Thread: com.mchange.v2.async.ThreadPoolAsynchronousRunner$PoolThread-#2]-[com.mchange.v2.resourcepool.BasicResourcePool$AcquireTask.run()]: com.mchange.v2.resourcepool.BasicResourcePool@4034c28c -- Thread unexpectedly interrupted while performing an acquisition attempt.
java.lang.InterruptedException: sleep interrupted
	at java.lang.Thread.sleep(Native Method)
	at com.mchange.v2.resourcepool.BasicResourcePool$AcquireTask.run(BasicResourcePool.java:1805)
	at com.mchange.v2.async.ThreadPoolAsynchronousRunner$PoolThread.run(ThreadPoolAsynchronousRunner.java:547)

2016-11-03 17:05:02
[WARN]-[Thread: com.mchange.v2.async.ThreadPoolAsynchronousRunner$PoolThread-#1]-[com.mchange.v2.resourcepool.BasicResourcePool$AcquireTask.run()]: com.mchange.v2.resourcepool.BasicResourcePool@4034c28c -- Thread unexpectedly interrupted while performing an acquisition attempt.
java.lang.InterruptedException: sleep interrupted
	at java.lang.Thread.sleep(Native Method)
	at com.mchange.v2.resourcepool.BasicResourcePool$AcquireTask.run(BasicResourcePool.java:1805)
	at com.mchange.v2.async.ThreadPoolAsynchronousRunner$PoolThread.run(ThreadPoolAsynchronousRunner.java:547)

2016-11-03 17:06:04
[WARN]-[Thread: Timer-0]-[com.mchange.v2.async.ThreadPoolAsynchronousRunner$DeadlockDetector.run()]: com.mchange.v2.async.ThreadPoolAsynchronousRunner$DeadlockDetector@5b89b7fb -- APPARENT DEADLOCK!!! Creating emergency threads for unassigned pending tasks!

2016-11-03 17:06:04
[WARN]-[Thread: Timer-0]-[com.mchange.v2.async.ThreadPoolAsynchronousRunner$DeadlockDetector.run()]: com.mchange.v2.async.ThreadPoolAsynchronousRunner$DeadlockDetector@5b89b7fb -- APPARENT DEADLOCK!!! Complete Status: 
	Managed Threads: 3
	Active Threads: 3
	Active Tasks: 
		com.mchange.v2.resourcepool.BasicResourcePool$AcquireTask@7012af7b (com.mchange.v2.async.ThreadPoolAsynchronousRunner$PoolThread-#2)
		com.mchange.v2.resourcepool.BasicResourcePool$AcquireTask@4756c57b (com.mchange.v2.async.ThreadPoolAsynchronousRunner$PoolThread-#1)
		com.mchange.v2.resourcepool.BasicResourcePool$AcquireTask@30ca068c (com.mchange.v2.async.ThreadPoolAsynchronousRunner$PoolThread-#0)
	Pending Tasks: 
		com.mchange.v2.resourcepool.BasicResourcePool$AcquireTask@4df427ff
		com.mchange.v2.resourcepool.BasicResourcePool$AcquireTask@28f8204d
		com.mchange.v2.resourcepool.BasicResourcePool$AcquireTask@59f45534
		com.mchange.v2.resourcepool.BasicResourcePool$AcquireTask@39ead6e0
		com.mchange.v2.resourcepool.BasicResourcePool$AcquireTask@554dc5fd
		com.mchange.v2.resourcepool.BasicResourcePool$AcquireTask@3cde7d51
		com.mchange.v2.resourcepool.BasicResourcePool$AcquireTask@47f8d20b
Pool thread stack traces:
	Thread[com.mchange.v2.async.ThreadPoolAsynchronousRunner$PoolThread-#2,5,main]
		java.net.DualStackPlainSocketImpl.connect0(Native Method)
		java.net.DualStackPlainSocketImpl.socketConnect(DualStackPlainSocketImpl.java:79)
		java.net.AbstractPlainSocketImpl.doConnect(AbstractPlainSocketImpl.java:350)
		java.net.AbstractPlainSocketImpl.connectToAddress(AbstractPlainSocketImpl.java:206)
		java.net.AbstractPlainSocketImpl.connect(AbstractPlainSocketImpl.java:188)
		java.net.PlainSocketImpl.connect(PlainSocketImpl.java:172)
		java.net.SocksSocketImpl.connect(SocksSocketImpl.java:392)
		java.net.Socket.connect(Socket.java:589)
		com.mysql.jdbc.StandardSocketFactory.connect(StandardSocketFactory.java:213)
		com.mysql.jdbc.MysqlIO.<init>(MysqlIO.java:297)
		com.mysql.jdbc.ConnectionImpl.coreConnect(ConnectionImpl.java:2237)
		com.mysql.jdbc.ConnectionImpl.connectOneTryOnly(ConnectionImpl.java:2270)
		com.mysql.jdbc.ConnectionImpl.createNewIO(ConnectionImpl.java:2069)
		com.mysql.jdbc.ConnectionImpl.<init>(ConnectionImpl.java:794)
		com.mysql.jdbc.JDBC4Connection.<init>(JDBC4Connection.java:44)
		sun.reflect.NativeConstructorAccessorImpl.newInstance0(Native Method)
		sun.reflect.NativeConstructorAccessorImpl.newInstance(NativeConstructorAccessorImpl.java:62)
		sun.reflect.DelegatingConstructorAccessorImpl.newInstance(DelegatingConstructorAccessorImpl.java:45)
		java.lang.reflect.Constructor.newInstance(Constructor.java:423)
		com.mysql.jdbc.Util.handleNewInstance(Util.java:389)
		com.mysql.jdbc.ConnectionImpl.getInstance(ConnectionImpl.java:399)
		com.mysql.jdbc.NonRegisteringDriver.connect(NonRegisteringDriver.java:325)
		com.mchange.v2.c3p0.DriverManagerDataSource.getConnection(DriverManagerDataSource.java:134)
		com.mchange.v2.c3p0.WrapperConnectionPoolDataSource.getPooledConnection(WrapperConnectionPoolDataSource.java:182)
		com.mchange.v2.c3p0.WrapperConnectionPoolDataSource.getPooledConnection(WrapperConnectionPoolDataSource.java:171)
		com.mchange.v2.c3p0.impl.C3P0PooledConnectionPool$1PooledConnectionResourcePoolManager.acquireResource(C3P0PooledConnectionPool.java:137)
		com.mchange.v2.resourcepool.BasicResourcePool.doAcquire(BasicResourcePool.java:1014)
		com.mchange.v2.resourcepool.BasicResourcePool.access$800(BasicResourcePool.java:32)
		com.mchange.v2.resourcepool.BasicResourcePool$AcquireTask.run(BasicResourcePool.java:1810)
		com.mchange.v2.async.ThreadPoolAsynchronousRunner$PoolThread.run(ThreadPoolAsynchronousRunner.java:547)
	Thread[com.mchange.v2.async.ThreadPoolAsynchronousRunner$PoolThread-#1,5,main]
		java.net.DualStackPlainSocketImpl.connect0(Native Method)
		java.net.DualStackPlainSocketImpl.socketConnect(DualStackPlainSocketImpl.java:79)
		java.net.AbstractPlainSocketImpl.doConnect(AbstractPlainSocketImpl.java:350)
		java.net.AbstractPlainSocketImpl.connectToAddress(AbstractPlainSocketImpl.java:206)
		java.net.AbstractPlainSocketImpl.connect(AbstractPlainSocketImpl.java:188)
		java.net.PlainSocketImpl.connect(PlainSocketImpl.java:172)
		java.net.SocksSocketImpl.connect(SocksSocketImpl.java:392)
		java.net.Socket.connect(Socket.java:589)
		com.mysql.jdbc.StandardSocketFactory.connect(StandardSocketFactory.java:213)
		com.mysql.jdbc.MysqlIO.<init>(MysqlIO.java:297)
		com.mysql.jdbc.ConnectionImpl.coreConnect(ConnectionImpl.java:2237)
		com.mysql.jdbc.ConnectionImpl.connectOneTryOnly(ConnectionImpl.java:2270)
		com.mysql.jdbc.ConnectionImpl.createNewIO(ConnectionImpl.java:2069)
		com.mysql.jdbc.ConnectionImpl.<init>(ConnectionImpl.java:794)
		com.mysql.jdbc.JDBC4Connection.<init>(JDBC4Connection.java:44)
		sun.reflect.NativeConstructorAccessorImpl.newInstance0(Native Method)
		sun.reflect.NativeConstructorAccessorImpl.newInstance(NativeConstructorAccessorImpl.java:62)
		sun.reflect.DelegatingConstructorAccessorImpl.newInstance(DelegatingConstructorAccessorImpl.java:45)
		java.lang.reflect.Constructor.newInstance(Constructor.java:423)
		com.mysql.jdbc.Util.handleNewInstance(Util.java:389)
		com.mysql.jdbc.ConnectionImpl.getInstance(ConnectionImpl.java:399)
		com.mysql.jdbc.NonRegisteringDriver.connect(NonRegisteringDriver.java:325)
		com.mchange.v2.c3p0.DriverManagerDataSource.getConnection(DriverManagerDataSource.java:134)
		com.mchange.v2.c3p0.WrapperConnectionPoolDataSource.getPooledConnection(WrapperConnectionPoolDataSource.java:182)
		com.mchange.v2.c3p0.WrapperConnectionPoolDataSource.getPooledConnection(WrapperConnectionPoolDataSource.java:171)
		com.mchange.v2.c3p0.impl.C3P0PooledConnectionPool$1PooledConnectionResourcePoolManager.acquireResource(C3P0PooledConnectionPool.java:137)
		com.mchange.v2.resourcepool.BasicResourcePool.doAcquire(BasicResourcePool.java:1014)
		com.mchange.v2.resourcepool.BasicResourcePool.access$800(BasicResourcePool.java:32)
		com.mchange.v2.resourcepool.BasicResourcePool$AcquireTask.run(BasicResourcePool.java:1810)
		com.mchange.v2.async.ThreadPoolAsynchronousRunner$PoolThread.run(ThreadPoolAsynchronousRunner.java:547)
	Thread[com.mchange.v2.async.ThreadPoolAsynchronousRunner$PoolThread-#0,5,main]
		java.net.DualStackPlainSocketImpl.connect0(Native Method)
		java.net.DualStackPlainSocketImpl.socketConnect(DualStackPlainSocketImpl.java:79)
		java.net.AbstractPlainSocketImpl.doConnect(AbstractPlainSocketImpl.java:350)
		java.net.AbstractPlainSocketImpl.connectToAddress(AbstractPlainSocketImpl.java:206)
		java.net.AbstractPlainSocketImpl.connect(AbstractPlainSocketImpl.java:188)
		java.net.PlainSocketImpl.connect(PlainSocketImpl.java:172)
		java.net.SocksSocketImpl.connect(SocksSocketImpl.java:392)
		java.net.Socket.connect(Socket.java:589)
		com.mysql.jdbc.StandardSocketFactory.connect(StandardSocketFactory.java:213)
		com.mysql.jdbc.MysqlIO.<init>(MysqlIO.java:297)
		com.mysql.jdbc.ConnectionImpl.coreConnect(ConnectionImpl.java:2237)
		com.mysql.jdbc.ConnectionImpl.connectOneTryOnly(ConnectionImpl.java:2270)
		com.mysql.jdbc.ConnectionImpl.createNewIO(ConnectionImpl.java:2069)
		com.mysql.jdbc.ConnectionImpl.<init>(ConnectionImpl.java:794)
		com.mysql.jdbc.JDBC4Connection.<init>(JDBC4Connection.java:44)
		sun.reflect.NativeConstructorAccessorImpl.newInstance0(Native Method)
		sun.reflect.NativeConstructorAccessorImpl.newInstance(NativeConstructorAccessorImpl.java:62)
		sun.reflect.DelegatingConstructorAccessorImpl.newInstance(DelegatingConstructorAccessorImpl.java:45)
		java.lang.reflect.Constructor.newInstance(Constructor.java:423)
		com.mysql.jdbc.Util.handleNewInstance(Util.java:389)
		com.mysql.jdbc.ConnectionImpl.getInstance(ConnectionImpl.java:399)
		com.mysql.jdbc.NonRegisteringDriver.connect(NonRegisteringDriver.java:325)
		com.mchange.v2.c3p0.DriverManagerDataSource.getConnection(DriverManagerDataSource.java:134)
		com.mchange.v2.c3p0.WrapperConnectionPoolDataSource.getPooledConnection(WrapperConnectionPoolDataSource.java:182)
		com.mchange.v2.c3p0.WrapperConnectionPoolDataSource.getPooledConnection(WrapperConnectionPoolDataSource.java:171)
		com.mchange.v2.c3p0.impl.C3P0PooledConnectionPool$1PooledConnectionResourcePoolManager.acquireResource(C3P0PooledConnectionPool.java:137)
		com.mchange.v2.resourcepool.BasicResourcePool.doAcquire(BasicResourcePool.java:1014)
		com.mchange.v2.resourcepool.BasicResourcePool.access$800(BasicResourcePool.java:32)
		com.mchange.v2.resourcepool.BasicResourcePool$AcquireTask.run(BasicResourcePool.java:1810)
		com.mchange.v2.async.ThreadPoolAsynchronousRunner$PoolThread.run(ThreadPoolAsynchronousRunner.java:547)



2016-11-03 17:07:04
[WARN]-[Thread: Timer-0]-[com.mchange.v2.async.ThreadPoolAsynchronousRunner.processReplacedThreads()]: Task com.mchange.v2.resourcepool.BasicResourcePool$AcquireTask@7012af7b (in deadlocked PoolThread) failed to complete in maximum time 60000ms. Trying interrupt().

2016-11-03 17:07:04
[WARN]-[Thread: Timer-0]-[com.mchange.v2.async.ThreadPoolAsynchronousRunner.processReplacedThreads()]: Task com.mchange.v2.resourcepool.BasicResourcePool$AcquireTask@4756c57b (in deadlocked PoolThread) failed to complete in maximum time 60000ms. Trying interrupt().

2016-11-03 17:07:04
[WARN]-[Thread: Timer-0]-[com.mchange.v2.async.ThreadPoolAsynchronousRunner.processReplacedThreads()]: Task com.mchange.v2.resourcepool.BasicResourcePool$AcquireTask@30ca068c (in deadlocked PoolThread) failed to complete in maximum time 60000ms. Trying interrupt().

2016-11-03 17:07:11
[WARN]-[Thread: com.mchange.v2.async.ThreadPoolAsynchronousRunner$PoolThread-#2]-[com.mchange.v2.resourcepool.BasicResourcePool$AcquireTask.run()]: com.mchange.v2.resourcepool.BasicResourcePool@4034c28c -- Thread unexpectedly interrupted while performing an acquisition attempt.
java.lang.InterruptedException: sleep interrupted
	at java.lang.Thread.sleep(Native Method)
	at com.mchange.v2.resourcepool.BasicResourcePool$AcquireTask.run(BasicResourcePool.java:1805)
	at com.mchange.v2.async.ThreadPoolAsynchronousRunner$PoolThread.run(ThreadPoolAsynchronousRunner.java:547)

2016-11-03 17:07:11
[WARN]-[Thread: com.mchange.v2.async.ThreadPoolAsynchronousRunner$PoolThread-#0]-[com.mchange.v2.resourcepool.BasicResourcePool$AcquireTask.run()]: com.mchange.v2.resourcepool.BasicResourcePool@4034c28c -- Thread unexpectedly interrupted while performing an acquisition attempt.
java.lang.InterruptedException: sleep interrupted
	at java.lang.Thread.sleep(Native Method)
	at com.mchange.v2.resourcepool.BasicResourcePool$AcquireTask.run(BasicResourcePool.java:1805)
	at com.mchange.v2.async.ThreadPoolAsynchronousRunner$PoolThread.run(ThreadPoolAsynchronousRunner.java:547)

2016-11-03 17:07:11
[WARN]-[Thread: com.mchange.v2.async.ThreadPoolAsynchronousRunner$PoolThread-#1]-[com.mchange.v2.resourcepool.BasicResourcePool$AcquireTask.run()]: com.mchange.v2.resourcepool.BasicResourcePool@4034c28c -- Thread unexpectedly interrupted while performing an acquisition attempt.
java.lang.InterruptedException: sleep interrupted
	at java.lang.Thread.sleep(Native Method)
	at com.mchange.v2.resourcepool.BasicResourcePool$AcquireTask.run(BasicResourcePool.java:1805)
	at com.mchange.v2.async.ThreadPoolAsynchronousRunner$PoolThread.run(ThreadPoolAsynchronousRunner.java:547)

2016-11-03 17:11:19
[WARN]-[Thread: Timer-0]-[com.mchange.v2.async.ThreadPoolAsynchronousRunner$DeadlockDetector.run()]: com.mchange.v2.async.ThreadPoolAsynchronousRunner$DeadlockDetector@24b833f5 -- APPARENT DEADLOCK!!! Creating emergency threads for unassigned pending tasks!

2016-11-03 17:11:19
[WARN]-[Thread: Timer-0]-[com.mchange.v2.async.ThreadPoolAsynchronousRunner$DeadlockDetector.run()]: com.mchange.v2.async.ThreadPoolAsynchronousRunner$DeadlockDetector@24b833f5 -- APPARENT DEADLOCK!!! Complete Status: 
	Managed Threads: 3
	Active Threads: 3
	Active Tasks: 
		com.mchange.v2.resourcepool.BasicResourcePool$AcquireTask@f23d3aa (com.mchange.v2.async.ThreadPoolAsynchronousRunner$PoolThread-#2)
		com.mchange.v2.resourcepool.BasicResourcePool$AcquireTask@ecd4b6 (com.mchange.v2.async.ThreadPoolAsynchronousRunner$PoolThread-#1)
		com.mchange.v2.resourcepool.BasicResourcePool$AcquireTask@cf21b8f (com.mchange.v2.async.ThreadPoolAsynchronousRunner$PoolThread-#0)
	Pending Tasks: 
		com.mchange.v2.resourcepool.BasicResourcePool$AcquireTask@1f4db2ec
		com.mchange.v2.resourcepool.BasicResourcePool$AcquireTask@ee28c2c
		com.mchange.v2.resourcepool.BasicResourcePool$AcquireTask@68cda022
		com.mchange.v2.resourcepool.BasicResourcePool$AcquireTask@74ffe0d7
		com.mchange.v2.resourcepool.BasicResourcePool$AcquireTask@657e676
		com.mchange.v2.resourcepool.BasicResourcePool$AcquireTask@1cce897c
		com.mchange.v2.resourcepool.BasicResourcePool$AcquireTask@1907f677
Pool thread stack traces:
	Thread[com.mchange.v2.async.ThreadPoolAsynchronousRunner$PoolThread-#2,5,main]
		java.net.DualStackPlainSocketImpl.connect0(Native Method)
		java.net.DualStackPlainSocketImpl.socketConnect(DualStackPlainSocketImpl.java:79)
		java.net.AbstractPlainSocketImpl.doConnect(AbstractPlainSocketImpl.java:350)
		java.net.AbstractPlainSocketImpl.connectToAddress(AbstractPlainSocketImpl.java:206)
		java.net.AbstractPlainSocketImpl.connect(AbstractPlainSocketImpl.java:188)
		java.net.PlainSocketImpl.connect(PlainSocketImpl.java:172)
		java.net.SocksSocketImpl.connect(SocksSocketImpl.java:392)
		java.net.Socket.connect(Socket.java:589)
		com.mysql.jdbc.StandardSocketFactory.connect(StandardSocketFactory.java:213)
		com.mysql.jdbc.MysqlIO.<init>(MysqlIO.java:297)
		com.mysql.jdbc.ConnectionImpl.coreConnect(ConnectionImpl.java:2237)
		com.mysql.jdbc.ConnectionImpl.connectOneTryOnly(ConnectionImpl.java:2270)
		com.mysql.jdbc.ConnectionImpl.createNewIO(ConnectionImpl.java:2069)
		com.mysql.jdbc.ConnectionImpl.<init>(ConnectionImpl.java:794)
		com.mysql.jdbc.JDBC4Connection.<init>(JDBC4Connection.java:44)
		sun.reflect.NativeConstructorAccessorImpl.newInstance0(Native Method)
		sun.reflect.NativeConstructorAccessorImpl.newInstance(NativeConstructorAccessorImpl.java:62)
		sun.reflect.DelegatingConstructorAccessorImpl.newInstance(DelegatingConstructorAccessorImpl.java:45)
		java.lang.reflect.Constructor.newInstance(Constructor.java:423)
		com.mysql.jdbc.Util.handleNewInstance(Util.java:389)
		com.mysql.jdbc.ConnectionImpl.getInstance(ConnectionImpl.java:399)
		com.mysql.jdbc.NonRegisteringDriver.connect(NonRegisteringDriver.java:325)
		com.mchange.v2.c3p0.DriverManagerDataSource.getConnection(DriverManagerDataSource.java:134)
		com.mchange.v2.c3p0.WrapperConnectionPoolDataSource.getPooledConnection(WrapperConnectionPoolDataSource.java:182)
		com.mchange.v2.c3p0.WrapperConnectionPoolDataSource.getPooledConnection(WrapperConnectionPoolDataSource.java:171)
		com.mchange.v2.c3p0.impl.C3P0PooledConnectionPool$1PooledConnectionResourcePoolManager.acquireResource(C3P0PooledConnectionPool.java:137)
		com.mchange.v2.resourcepool.BasicResourcePool.doAcquire(BasicResourcePool.java:1014)
		com.mchange.v2.resourcepool.BasicResourcePool.access$800(BasicResourcePool.java:32)
		com.mchange.v2.resourcepool.BasicResourcePool$AcquireTask.run(BasicResourcePool.java:1810)
		com.mchange.v2.async.ThreadPoolAsynchronousRunner$PoolThread.run(ThreadPoolAsynchronousRunner.java:547)
	Thread[com.mchange.v2.async.ThreadPoolAsynchronousRunner$PoolThread-#1,5,main]
		java.net.DualStackPlainSocketImpl.connect0(Native Method)
		java.net.DualStackPlainSocketImpl.socketConnect(DualStackPlainSocketImpl.java:79)
		java.net.AbstractPlainSocketImpl.doConnect(AbstractPlainSocketImpl.java:350)
		java.net.AbstractPlainSocketImpl.connectToAddress(AbstractPlainSocketImpl.java:206)
		java.net.AbstractPlainSocketImpl.connect(AbstractPlainSocketImpl.java:188)
		java.net.PlainSocketImpl.connect(PlainSocketImpl.java:172)
		java.net.SocksSocketImpl.connect(SocksSocketImpl.java:392)
		java.net.Socket.connect(Socket.java:589)
		com.mysql.jdbc.StandardSocketFactory.connect(StandardSocketFactory.java:213)
		com.mysql.jdbc.MysqlIO.<init>(MysqlIO.java:297)
		com.mysql.jdbc.ConnectionImpl.coreConnect(ConnectionImpl.java:2237)
		com.mysql.jdbc.ConnectionImpl.connectOneTryOnly(ConnectionImpl.java:2270)
		com.mysql.jdbc.ConnectionImpl.createNewIO(ConnectionImpl.java:2069)
		com.mysql.jdbc.ConnectionImpl.<init>(ConnectionImpl.java:794)
		com.mysql.jdbc.JDBC4Connection.<init>(JDBC4Connection.java:44)
		sun.reflect.NativeConstructorAccessorImpl.newInstance0(Native Method)
		sun.reflect.NativeConstructorAccessorImpl.newInstance(NativeConstructorAccessorImpl.java:62)
		sun.reflect.DelegatingConstructorAccessorImpl.newInstance(DelegatingConstructorAccessorImpl.java:45)
		java.lang.reflect.Constructor.newInstance(Constructor.java:423)
		com.mysql.jdbc.Util.handleNewInstance(Util.java:389)
		com.mysql.jdbc.ConnectionImpl.getInstance(ConnectionImpl.java:399)
		com.mysql.jdbc.NonRegisteringDriver.connect(NonRegisteringDriver.java:325)
		com.mchange.v2.c3p0.DriverManagerDataSource.getConnection(DriverManagerDataSource.java:134)
		com.mchange.v2.c3p0.WrapperConnectionPoolDataSource.getPooledConnection(WrapperConnectionPoolDataSource.java:182)
		com.mchange.v2.c3p0.WrapperConnectionPoolDataSource.getPooledConnection(WrapperConnectionPoolDataSource.java:171)
		com.mchange.v2.c3p0.impl.C3P0PooledConnectionPool$1PooledConnectionResourcePoolManager.acquireResource(C3P0PooledConnectionPool.java:137)
		com.mchange.v2.resourcepool.BasicResourcePool.doAcquire(BasicResourcePool.java:1014)
		com.mchange.v2.resourcepool.BasicResourcePool.access$800(BasicResourcePool.java:32)
		com.mchange.v2.resourcepool.BasicResourcePool$AcquireTask.run(BasicResourcePool.java:1810)
		com.mchange.v2.async.ThreadPoolAsynchronousRunner$PoolThread.run(ThreadPoolAsynchronousRunner.java:547)
	Thread[com.mchange.v2.async.ThreadPoolAsynchronousRunner$PoolThread-#0,5,main]
		java.net.DualStackPlainSocketImpl.connect0(Native Method)
		java.net.DualStackPlainSocketImpl.socketConnect(DualStackPlainSocketImpl.java:79)
		java.net.AbstractPlainSocketImpl.doConnect(AbstractPlainSocketImpl.java:350)
		java.net.AbstractPlainSocketImpl.connectToAddress(AbstractPlainSocketImpl.java:206)
		java.net.AbstractPlainSocketImpl.connect(AbstractPlainSocketImpl.java:188)
		java.net.PlainSocketImpl.connect(PlainSocketImpl.java:172)
		java.net.SocksSocketImpl.connect(SocksSocketImpl.java:392)
		java.net.Socket.connect(Socket.java:589)
		com.mysql.jdbc.StandardSocketFactory.connect(StandardSocketFactory.java:213)
		com.mysql.jdbc.MysqlIO.<init>(MysqlIO.java:297)
		com.mysql.jdbc.ConnectionImpl.coreConnect(ConnectionImpl.java:2237)
		com.mysql.jdbc.ConnectionImpl.connectOneTryOnly(ConnectionImpl.java:2270)
		com.mysql.jdbc.ConnectionImpl.createNewIO(ConnectionImpl.java:2069)
		com.mysql.jdbc.ConnectionImpl.<init>(ConnectionImpl.java:794)
		com.mysql.jdbc.JDBC4Connection.<init>(JDBC4Connection.java:44)
		sun.reflect.NativeConstructorAccessorImpl.newInstance0(Native Method)
		sun.reflect.NativeConstructorAccessorImpl.newInstance(NativeConstructorAccessorImpl.java:62)
		sun.reflect.DelegatingConstructorAccessorImpl.newInstance(DelegatingConstructorAccessorImpl.java:45)
		java.lang.reflect.Constructor.newInstance(Constructor.java:423)
		com.mysql.jdbc.Util.handleNewInstance(Util.java:389)
		com.mysql.jdbc.ConnectionImpl.getInstance(ConnectionImpl.java:399)
		com.mysql.jdbc.NonRegisteringDriver.connect(NonRegisteringDriver.java:325)
		com.mchange.v2.c3p0.DriverManagerDataSource.getConnection(DriverManagerDataSource.java:134)
		com.mchange.v2.c3p0.WrapperConnectionPoolDataSource.getPooledConnection(WrapperConnectionPoolDataSource.java:182)
		com.mchange.v2.c3p0.WrapperConnectionPoolDataSource.getPooledConnection(WrapperConnectionPoolDataSource.java:171)
		com.mchange.v2.c3p0.impl.C3P0PooledConnectionPool$1PooledConnectionResourcePoolManager.acquireResource(C3P0PooledConnectionPool.java:137)
		com.mchange.v2.resourcepool.BasicResourcePool.doAcquire(BasicResourcePool.java:1014)
		com.mchange.v2.resourcepool.BasicResourcePool.access$800(BasicResourcePool.java:32)
		com.mchange.v2.resourcepool.BasicResourcePool$AcquireTask.run(BasicResourcePool.java:1810)
		com.mchange.v2.async.ThreadPoolAsynchronousRunner$PoolThread.run(ThreadPoolAsynchronousRunner.java:547)



2016-11-03 17:12:21
[WARN]-[Thread: Timer-0]-[com.mchange.v2.async.ThreadPoolAsynchronousRunner$DeadlockDetector.run()]: com.mchange.v2.async.ThreadPoolAsynchronousRunner$DeadlockDetector@5ea8fb5 -- APPARENT DEADLOCK!!! Creating emergency threads for unassigned pending tasks!

2016-11-03 17:12:21
[WARN]-[Thread: Timer-0]-[com.mchange.v2.async.ThreadPoolAsynchronousRunner$DeadlockDetector.run()]: com.mchange.v2.async.ThreadPoolAsynchronousRunner$DeadlockDetector@5ea8fb5 -- APPARENT DEADLOCK!!! Complete Status: 
	Managed Threads: 3
	Active Threads: 3
	Active Tasks: 
		com.mchange.v2.resourcepool.BasicResourcePool$AcquireTask@2e714a82 (com.mchange.v2.async.ThreadPoolAsynchronousRunner$PoolThread-#2)
		com.mchange.v2.resourcepool.BasicResourcePool$AcquireTask@29ea4a47 (com.mchange.v2.async.ThreadPoolAsynchronousRunner$PoolThread-#1)
		com.mchange.v2.resourcepool.BasicResourcePool$AcquireTask@142f397a (com.mchange.v2.async.ThreadPoolAsynchronousRunner$PoolThread-#0)
	Pending Tasks: 
		com.mchange.v2.resourcepool.BasicResourcePool$AcquireTask@2d5da6d4
		com.mchange.v2.resourcepool.BasicResourcePool$AcquireTask@9dcdca7
		com.mchange.v2.resourcepool.BasicResourcePool$AcquireTask@721f07a9
		com.mchange.v2.resourcepool.BasicResourcePool$AcquireTask@1f161479
		com.mchange.v2.resourcepool.BasicResourcePool$AcquireTask@5fbd7a49
		com.mchange.v2.resourcepool.BasicResourcePool$AcquireTask@30ebbcfd
		com.mchange.v2.resourcepool.BasicResourcePool$AcquireTask@3ac3c706
Pool thread stack traces:
	Thread[com.mchange.v2.async.ThreadPoolAsynchronousRunner$PoolThread-#2,5,main]
		java.net.DualStackPlainSocketImpl.connect0(Native Method)
		java.net.DualStackPlainSocketImpl.socketConnect(DualStackPlainSocketImpl.java:79)
		java.net.AbstractPlainSocketImpl.doConnect(AbstractPlainSocketImpl.java:350)
		java.net.AbstractPlainSocketImpl.connectToAddress(AbstractPlainSocketImpl.java:206)
		java.net.AbstractPlainSocketImpl.connect(AbstractPlainSocketImpl.java:188)
		java.net.PlainSocketImpl.connect(PlainSocketImpl.java:172)
		java.net.SocksSocketImpl.connect(SocksSocketImpl.java:392)
		java.net.Socket.connect(Socket.java:589)
		com.mysql.jdbc.StandardSocketFactory.connect(StandardSocketFactory.java:213)
		com.mysql.jdbc.MysqlIO.<init>(MysqlIO.java:297)
		com.mysql.jdbc.ConnectionImpl.coreConnect(ConnectionImpl.java:2237)
		com.mysql.jdbc.ConnectionImpl.connectOneTryOnly(ConnectionImpl.java:2270)
		com.mysql.jdbc.ConnectionImpl.createNewIO(ConnectionImpl.java:2069)
		com.mysql.jdbc.ConnectionImpl.<init>(ConnectionImpl.java:794)
		com.mysql.jdbc.JDBC4Connection.<init>(JDBC4Connection.java:44)
		sun.reflect.NativeConstructorAccessorImpl.newInstance0(Native Method)
		sun.reflect.NativeConstructorAccessorImpl.newInstance(NativeConstructorAccessorImpl.java:62)
		sun.reflect.DelegatingConstructorAccessorImpl.newInstance(DelegatingConstructorAccessorImpl.java:45)
		java.lang.reflect.Constructor.newInstance(Constructor.java:423)
		com.mysql.jdbc.Util.handleNewInstance(Util.java:389)
		com.mysql.jdbc.ConnectionImpl.getInstance(ConnectionImpl.java:399)
		com.mysql.jdbc.NonRegisteringDriver.connect(NonRegisteringDriver.java:325)
		com.mchange.v2.c3p0.DriverManagerDataSource.getConnection(DriverManagerDataSource.java:134)
		com.mchange.v2.c3p0.WrapperConnectionPoolDataSource.getPooledConnection(WrapperConnectionPoolDataSource.java:182)
		com.mchange.v2.c3p0.WrapperConnectionPoolDataSource.getPooledConnection(WrapperConnectionPoolDataSource.java:171)
		com.mchange.v2.c3p0.impl.C3P0PooledConnectionPool$1PooledConnectionResourcePoolManager.acquireResource(C3P0PooledConnectionPool.java:137)
		com.mchange.v2.resourcepool.BasicResourcePool.doAcquire(BasicResourcePool.java:1014)
		com.mchange.v2.resourcepool.BasicResourcePool.access$800(BasicResourcePool.java:32)
		com.mchange.v2.resourcepool.BasicResourcePool$AcquireTask.run(BasicResourcePool.java:1810)
		com.mchange.v2.async.ThreadPoolAsynchronousRunner$PoolThread.run(ThreadPoolAsynchronousRunner.java:547)
	Thread[com.mchange.v2.async.ThreadPoolAsynchronousRunner$PoolThread-#1,5,main]
		java.net.DualStackPlainSocketImpl.connect0(Native Method)
		java.net.DualStackPlainSocketImpl.socketConnect(DualStackPlainSocketImpl.java:79)
		java.net.AbstractPlainSocketImpl.doConnect(AbstractPlainSocketImpl.java:350)
		java.net.AbstractPlainSocketImpl.connectToAddress(AbstractPlainSocketImpl.java:206)
		java.net.AbstractPlainSocketImpl.connect(AbstractPlainSocketImpl.java:188)
		java.net.PlainSocketImpl.connect(PlainSocketImpl.java:172)
		java.net.SocksSocketImpl.connect(SocksSocketImpl.java:392)
		java.net.Socket.connect(Socket.java:589)
		com.mysql.jdbc.StandardSocketFactory.connect(StandardSocketFactory.java:213)
		com.mysql.jdbc.MysqlIO.<init>(MysqlIO.java:297)
		com.mysql.jdbc.ConnectionImpl.coreConnect(ConnectionImpl.java:2237)
		com.mysql.jdbc.ConnectionImpl.connectOneTryOnly(ConnectionImpl.java:2270)
		com.mysql.jdbc.ConnectionImpl.createNewIO(ConnectionImpl.java:2069)
		com.mysql.jdbc.ConnectionImpl.<init>(ConnectionImpl.java:794)
		com.mysql.jdbc.JDBC4Connection.<init>(JDBC4Connection.java:44)
		sun.reflect.NativeConstructorAccessorImpl.newInstance0(Native Method)
		sun.reflect.NativeConstructorAccessorImpl.newInstance(NativeConstructorAccessorImpl.java:62)
		sun.reflect.DelegatingConstructorAccessorImpl.newInstance(DelegatingConstructorAccessorImpl.java:45)
		java.lang.reflect.Constructor.newInstance(Constructor.java:423)
		com.mysql.jdbc.Util.handleNewInstance(Util.java:389)
		com.mysql.jdbc.ConnectionImpl.getInstance(ConnectionImpl.java:399)
		com.mysql.jdbc.NonRegisteringDriver.connect(NonRegisteringDriver.java:325)
		com.mchange.v2.c3p0.DriverManagerDataSource.getConnection(DriverManagerDataSource.java:134)
		com.mchange.v2.c3p0.WrapperConnectionPoolDataSource.getPooledConnection(WrapperConnectionPoolDataSource.java:182)
		com.mchange.v2.c3p0.WrapperConnectionPoolDataSource.getPooledConnection(WrapperConnectionPoolDataSource.java:171)
		com.mchange.v2.c3p0.impl.C3P0PooledConnectionPool$1PooledConnectionResourcePoolManager.acquireResource(C3P0PooledConnectionPool.java:137)
		com.mchange.v2.resourcepool.BasicResourcePool.doAcquire(BasicResourcePool.java:1014)
		com.mchange.v2.resourcepool.BasicResourcePool.access$800(BasicResourcePool.java:32)
		com.mchange.v2.resourcepool.BasicResourcePool$AcquireTask.run(BasicResourcePool.java:1810)
		com.mchange.v2.async.ThreadPoolAsynchronousRunner$PoolThread.run(ThreadPoolAsynchronousRunner.java:547)
	Thread[com.mchange.v2.async.ThreadPoolAsynchronousRunner$PoolThread-#0,5,main]
		java.net.DualStackPlainSocketImpl.connect0(Native Method)
		java.net.DualStackPlainSocketImpl.socketConnect(DualStackPlainSocketImpl.java:79)
		java.net.AbstractPlainSocketImpl.doConnect(AbstractPlainSocketImpl.java:350)
		java.net.AbstractPlainSocketImpl.connectToAddress(AbstractPlainSocketImpl.java:206)
		java.net.AbstractPlainSocketImpl.connect(AbstractPlainSocketImpl.java:188)
		java.net.PlainSocketImpl.connect(PlainSocketImpl.java:172)
		java.net.SocksSocketImpl.connect(SocksSocketImpl.java:392)
		java.net.Socket.connect(Socket.java:589)
		com.mysql.jdbc.StandardSocketFactory.connect(StandardSocketFactory.java:213)
		com.mysql.jdbc.MysqlIO.<init>(MysqlIO.java:297)
		com.mysql.jdbc.ConnectionImpl.coreConnect(ConnectionImpl.java:2237)
		com.mysql.jdbc.ConnectionImpl.connectOneTryOnly(ConnectionImpl.java:2270)
		com.mysql.jdbc.ConnectionImpl.createNewIO(ConnectionImpl.java:2069)
		com.mysql.jdbc.ConnectionImpl.<init>(ConnectionImpl.java:794)
		com.mysql.jdbc.JDBC4Connection.<init>(JDBC4Connection.java:44)
		sun.reflect.NativeConstructorAccessorImpl.newInstance0(Native Method)
		sun.reflect.NativeConstructorAccessorImpl.newInstance(NativeConstructorAccessorImpl.java:62)
		sun.reflect.DelegatingConstructorAccessorImpl.newInstance(DelegatingConstructorAccessorImpl.java:45)
		java.lang.reflect.Constructor.newInstance(Constructor.java:423)
		com.mysql.jdbc.Util.handleNewInstance(Util.java:389)
		com.mysql.jdbc.ConnectionImpl.getInstance(ConnectionImpl.java:399)
		com.mysql.jdbc.NonRegisteringDriver.connect(NonRegisteringDriver.java:325)
		com.mchange.v2.c3p0.DriverManagerDataSource.getConnection(DriverManagerDataSource.java:134)
		com.mchange.v2.c3p0.WrapperConnectionPoolDataSource.getPooledConnection(WrapperConnectionPoolDataSource.java:182)
		com.mchange.v2.c3p0.WrapperConnectionPoolDataSource.getPooledConnection(WrapperConnectionPoolDataSource.java:171)
		com.mchange.v2.c3p0.impl.C3P0PooledConnectionPool$1PooledConnectionResourcePoolManager.acquireResource(C3P0PooledConnectionPool.java:137)
		com.mchange.v2.resourcepool.BasicResourcePool.doAcquire(BasicResourcePool.java:1014)
		com.mchange.v2.resourcepool.BasicResourcePool.access$800(BasicResourcePool.java:32)
		com.mchange.v2.resourcepool.BasicResourcePool$AcquireTask.run(BasicResourcePool.java:1810)
		com.mchange.v2.async.ThreadPoolAsynchronousRunner$PoolThread.run(ThreadPoolAsynchronousRunner.java:547)



2016-11-03 17:13:21
[WARN]-[Thread: Timer-0]-[com.mchange.v2.async.ThreadPoolAsynchronousRunner.processReplacedThreads()]: Task com.mchange.v2.resourcepool.BasicResourcePool$AcquireTask@2e714a82 (in deadlocked PoolThread) failed to complete in maximum time 60000ms. Trying interrupt().

2016-11-03 17:13:21
[WARN]-[Thread: Timer-0]-[com.mchange.v2.async.ThreadPoolAsynchronousRunner.processReplacedThreads()]: Task com.mchange.v2.resourcepool.BasicResourcePool$AcquireTask@29ea4a47 (in deadlocked PoolThread) failed to complete in maximum time 60000ms. Trying interrupt().

2016-11-03 17:13:21
[WARN]-[Thread: Timer-0]-[com.mchange.v2.async.ThreadPoolAsynchronousRunner.processReplacedThreads()]: Task com.mchange.v2.resourcepool.BasicResourcePool$AcquireTask@142f397a (in deadlocked PoolThread) failed to complete in maximum time 60000ms. Trying interrupt().

2016-11-03 17:13:28
[WARN]-[Thread: com.mchange.v2.async.ThreadPoolAsynchronousRunner$PoolThread-#1]-[com.mchange.v2.resourcepool.BasicResourcePool$AcquireTask.run()]: com.mchange.v2.resourcepool.BasicResourcePool@4034c28c -- Thread unexpectedly interrupted while performing an acquisition attempt.
java.lang.InterruptedException: sleep interrupted
	at java.lang.Thread.sleep(Native Method)
	at com.mchange.v2.resourcepool.BasicResourcePool$AcquireTask.run(BasicResourcePool.java:1805)
	at com.mchange.v2.async.ThreadPoolAsynchronousRunner$PoolThread.run(ThreadPoolAsynchronousRunner.java:547)

2016-11-03 17:13:28
[WARN]-[Thread: com.mchange.v2.async.ThreadPoolAsynchronousRunner$PoolThread-#2]-[com.mchange.v2.resourcepool.BasicResourcePool$AcquireTask.run()]: com.mchange.v2.resourcepool.BasicResourcePool@4034c28c -- Thread unexpectedly interrupted while performing an acquisition attempt.
java.lang.InterruptedException: sleep interrupted
	at java.lang.Thread.sleep(Native Method)
	at com.mchange.v2.resourcepool.BasicResourcePool$AcquireTask.run(BasicResourcePool.java:1805)
	at com.mchange.v2.async.ThreadPoolAsynchronousRunner$PoolThread.run(ThreadPoolAsynchronousRunner.java:547)

2016-11-03 17:13:28
[WARN]-[Thread: com.mchange.v2.async.ThreadPoolAsynchronousRunner$PoolThread-#0]-[com.mchange.v2.resourcepool.BasicResourcePool$AcquireTask.run()]: com.mchange.v2.resourcepool.BasicResourcePool@4034c28c -- Thread unexpectedly interrupted while performing an acquisition attempt.
java.lang.InterruptedException: sleep interrupted
	at java.lang.Thread.sleep(Native Method)
	at com.mchange.v2.resourcepool.BasicResourcePool$AcquireTask.run(BasicResourcePool.java:1805)
	at com.mchange.v2.async.ThreadPoolAsynchronousRunner$PoolThread.run(ThreadPoolAsynchronousRunner.java:547)

2016-11-03 17:14:21
[WARN]-[Thread: Timer-0]-[com.mchange.v2.async.ThreadPoolAsynchronousRunner$DeadlockDetector.run()]: com.mchange.v2.async.ThreadPoolAsynchronousRunner$DeadlockDetector@24b833f5 -- APPARENT DEADLOCK!!! Creating emergency threads for unassigned pending tasks!

2016-11-03 17:14:21
[WARN]-[Thread: Timer-0]-[com.mchange.v2.async.ThreadPoolAsynchronousRunner$DeadlockDetector.run()]: com.mchange.v2.async.ThreadPoolAsynchronousRunner$DeadlockDetector@24b833f5 -- APPARENT DEADLOCK!!! Complete Status: 
	Managed Threads: 3
	Active Threads: 3
	Active Tasks: 
		com.mchange.v2.resourcepool.BasicResourcePool$AcquireTask@f23d3aa (com.mchange.v2.async.ThreadPoolAsynchronousRunner$PoolThread-#2)
		com.mchange.v2.resourcepool.BasicResourcePool$AcquireTask@ecd4b6 (com.mchange.v2.async.ThreadPoolAsynchronousRunner$PoolThread-#1)
		com.mchange.v2.resourcepool.BasicResourcePool$AcquireTask@cf21b8f (com.mchange.v2.async.ThreadPoolAsynchronousRunner$PoolThread-#0)
	Pending Tasks: 
		com.mchange.v2.resourcepool.BasicResourcePool$AcquireTask@1f4db2ec
		com.mchange.v2.resourcepool.BasicResourcePool$AcquireTask@ee28c2c
		com.mchange.v2.resourcepool.BasicResourcePool$AcquireTask@68cda022
		com.mchange.v2.resourcepool.BasicResourcePool$AcquireTask@74ffe0d7
		com.mchange.v2.resourcepool.BasicResourcePool$AcquireTask@657e676
		com.mchange.v2.resourcepool.BasicResourcePool$AcquireTask@1cce897c
		com.mchange.v2.resourcepool.BasicResourcePool$AcquireTask@1907f677
Pool thread stack traces:
	Thread[com.mchange.v2.async.ThreadPoolAsynchronousRunner$PoolThread-#2,5,main]
		java.net.DualStackPlainSocketImpl.connect0(Native Method)
		java.net.DualStackPlainSocketImpl.socketConnect(DualStackPlainSocketImpl.java:79)
		java.net.AbstractPlainSocketImpl.doConnect(AbstractPlainSocketImpl.java:350)
		java.net.AbstractPlainSocketImpl.connectToAddress(AbstractPlainSocketImpl.java:206)
		java.net.AbstractPlainSocketImpl.connect(AbstractPlainSocketImpl.java:188)
		java.net.PlainSocketImpl.connect(PlainSocketImpl.java:172)
		java.net.SocksSocketImpl.connect(SocksSocketImpl.java:392)
		java.net.Socket.connect(Socket.java:589)
		com.mysql.jdbc.StandardSocketFactory.connect(StandardSocketFactory.java:213)
		com.mysql.jdbc.MysqlIO.<init>(MysqlIO.java:297)
		com.mysql.jdbc.ConnectionImpl.coreConnect(ConnectionImpl.java:2237)
		com.mysql.jdbc.ConnectionImpl.connectOneTryOnly(ConnectionImpl.java:2270)
		com.mysql.jdbc.ConnectionImpl.createNewIO(ConnectionImpl.java:2069)
		com.mysql.jdbc.ConnectionImpl.<init>(ConnectionImpl.java:794)
		com.mysql.jdbc.JDBC4Connection.<init>(JDBC4Connection.java:44)
		sun.reflect.NativeConstructorAccessorImpl.newInstance0(Native Method)
		sun.reflect.NativeConstructorAccessorImpl.newInstance(NativeConstructorAccessorImpl.java:62)
		sun.reflect.DelegatingConstructorAccessorImpl.newInstance(DelegatingConstructorAccessorImpl.java:45)
		java.lang.reflect.Constructor.newInstance(Constructor.java:423)
		com.mysql.jdbc.Util.handleNewInstance(Util.java:389)
		com.mysql.jdbc.ConnectionImpl.getInstance(ConnectionImpl.java:399)
		com.mysql.jdbc.NonRegisteringDriver.connect(NonRegisteringDriver.java:325)
		com.mchange.v2.c3p0.DriverManagerDataSource.getConnection(DriverManagerDataSource.java:134)
		com.mchange.v2.c3p0.WrapperConnectionPoolDataSource.getPooledConnection(WrapperConnectionPoolDataSource.java:182)
		com.mchange.v2.c3p0.WrapperConnectionPoolDataSource.getPooledConnection(WrapperConnectionPoolDataSource.java:171)
		com.mchange.v2.c3p0.impl.C3P0PooledConnectionPool$1PooledConnectionResourcePoolManager.acquireResource(C3P0PooledConnectionPool.java:137)
		com.mchange.v2.resourcepool.BasicResourcePool.doAcquire(BasicResourcePool.java:1014)
		com.mchange.v2.resourcepool.BasicResourcePool.access$800(BasicResourcePool.java:32)
		com.mchange.v2.resourcepool.BasicResourcePool$AcquireTask.run(BasicResourcePool.java:1810)
		com.mchange.v2.async.ThreadPoolAsynchronousRunner$PoolThread.run(ThreadPoolAsynchronousRunner.java:547)
	Thread[com.mchange.v2.async.ThreadPoolAsynchronousRunner$PoolThread-#1,5,main]
		java.net.DualStackPlainSocketImpl.connect0(Native Method)
		java.net.DualStackPlainSocketImpl.socketConnect(DualStackPlainSocketImpl.java:79)
		java.net.AbstractPlainSocketImpl.doConnect(AbstractPlainSocketImpl.java:350)
		java.net.AbstractPlainSocketImpl.connectToAddress(AbstractPlainSocketImpl.java:206)
		java.net.AbstractPlainSocketImpl.connect(AbstractPlainSocketImpl.java:188)
		java.net.PlainSocketImpl.connect(PlainSocketImpl.java:172)
		java.net.SocksSocketImpl.connect(SocksSocketImpl.java:392)
		java.net.Socket.connect(Socket.java:589)
		com.mysql.jdbc.StandardSocketFactory.connect(StandardSocketFactory.java:213)
		com.mysql.jdbc.MysqlIO.<init>(MysqlIO.java:297)
		com.mysql.jdbc.ConnectionImpl.coreConnect(ConnectionImpl.java:2237)
		com.mysql.jdbc.ConnectionImpl.connectOneTryOnly(ConnectionImpl.java:2270)
		com.mysql.jdbc.ConnectionImpl.createNewIO(ConnectionImpl.java:2069)
		com.mysql.jdbc.ConnectionImpl.<init>(ConnectionImpl.java:794)
		com.mysql.jdbc.JDBC4Connection.<init>(JDBC4Connection.java:44)
		sun.reflect.NativeConstructorAccessorImpl.newInstance0(Native Method)
		sun.reflect.NativeConstructorAccessorImpl.newInstance(NativeConstructorAccessorImpl.java:62)
		sun.reflect.DelegatingConstructorAccessorImpl.newInstance(DelegatingConstructorAccessorImpl.java:45)
		java.lang.reflect.Constructor.newInstance(Constructor.java:423)
		com.mysql.jdbc.Util.handleNewInstance(Util.java:389)
		com.mysql.jdbc.ConnectionImpl.getInstance(ConnectionImpl.java:399)
		com.mysql.jdbc.NonRegisteringDriver.connect(NonRegisteringDriver.java:325)
		com.mchange.v2.c3p0.DriverManagerDataSource.getConnection(DriverManagerDataSource.java:134)
		com.mchange.v2.c3p0.WrapperConnectionPoolDataSource.getPooledConnection(WrapperConnectionPoolDataSource.java:182)
		com.mchange.v2.c3p0.WrapperConnectionPoolDataSource.getPooledConnection(WrapperConnectionPoolDataSource.java:171)
		com.mchange.v2.c3p0.impl.C3P0PooledConnectionPool$1PooledConnectionResourcePoolManager.acquireResource(C3P0PooledConnectionPool.java:137)
		com.mchange.v2.resourcepool.BasicResourcePool.doAcquire(BasicResourcePool.java:1014)
		com.mchange.v2.resourcepool.BasicResourcePool.access$800(BasicResourcePool.java:32)
		com.mchange.v2.resourcepool.BasicResourcePool$AcquireTask.run(BasicResourcePool.java:1810)
		com.mchange.v2.async.ThreadPoolAsynchronousRunner$PoolThread.run(ThreadPoolAsynchronousRunner.java:547)
	Thread[com.mchange.v2.async.ThreadPoolAsynchronousRunner$PoolThread-#0,5,main]
		java.net.DualStackPlainSocketImpl.connect0(Native Method)
		java.net.DualStackPlainSocketImpl.socketConnect(DualStackPlainSocketImpl.java:79)
		java.net.AbstractPlainSocketImpl.doConnect(AbstractPlainSocketImpl.java:350)
		java.net.AbstractPlainSocketImpl.connectToAddress(AbstractPlainSocketImpl.java:206)
		java.net.AbstractPlainSocketImpl.connect(AbstractPlainSocketImpl.java:188)
		java.net.PlainSocketImpl.connect(PlainSocketImpl.java:172)
		java.net.SocksSocketImpl.connect(SocksSocketImpl.java:392)
		java.net.Socket.connect(Socket.java:589)
		com.mysql.jdbc.StandardSocketFactory.connect(StandardSocketFactory.java:213)
		com.mysql.jdbc.MysqlIO.<init>(MysqlIO.java:297)
		com.mysql.jdbc.ConnectionImpl.coreConnect(ConnectionImpl.java:2237)
		com.mysql.jdbc.ConnectionImpl.connectOneTryOnly(ConnectionImpl.java:2270)
		com.mysql.jdbc.ConnectionImpl.createNewIO(ConnectionImpl.java:2069)
		com.mysql.jdbc.ConnectionImpl.<init>(ConnectionImpl.java:794)
		com.mysql.jdbc.JDBC4Connection.<init>(JDBC4Connection.java:44)
		sun.reflect.NativeConstructorAccessorImpl.newInstance0(Native Method)
		sun.reflect.NativeConstructorAccessorImpl.newInstance(NativeConstructorAccessorImpl.java:62)
		sun.reflect.DelegatingConstructorAccessorImpl.newInstance(DelegatingConstructorAccessorImpl.java:45)
		java.lang.reflect.Constructor.newInstance(Constructor.java:423)
		com.mysql.jdbc.Util.handleNewInstance(Util.java:389)
		com.mysql.jdbc.ConnectionImpl.getInstance(ConnectionImpl.java:399)
		com.mysql.jdbc.NonRegisteringDriver.connect(NonRegisteringDriver.java:325)
		com.mchange.v2.c3p0.DriverManagerDataSource.getConnection(DriverManagerDataSource.java:134)
		com.mchange.v2.c3p0.WrapperConnectionPoolDataSource.getPooledConnection(WrapperConnectionPoolDataSource.java:182)
		com.mchange.v2.c3p0.WrapperConnectionPoolDataSource.getPooledConnection(WrapperConnectionPoolDataSource.java:171)
		com.mchange.v2.c3p0.impl.C3P0PooledConnectionPool$1PooledConnectionResourcePoolManager.acquireResource(C3P0PooledConnectionPool.java:137)
		com.mchange.v2.resourcepool.BasicResourcePool.doAcquire(BasicResourcePool.java:1014)
		com.mchange.v2.resourcepool.BasicResourcePool.access$800(BasicResourcePool.java:32)
		com.mchange.v2.resourcepool.BasicResourcePool$AcquireTask.run(BasicResourcePool.java:1810)
		com.mchange.v2.async.ThreadPoolAsynchronousRunner$PoolThread.run(ThreadPoolAsynchronousRunner.java:547)



2016-11-03 17:23:28
[WARN]-[Thread: Timer-0]-[com.mchange.v2.async.ThreadPoolAsynchronousRunner$DeadlockDetector.run()]: com.mchange.v2.async.ThreadPoolAsynchronousRunner$DeadlockDetector@10b35220 -- APPARENT DEADLOCK!!! Creating emergency threads for unassigned pending tasks!

2016-11-03 17:23:28
[WARN]-[Thread: Timer-0]-[com.mchange.v2.async.ThreadPoolAsynchronousRunner$DeadlockDetector.run()]: com.mchange.v2.async.ThreadPoolAsynchronousRunner$DeadlockDetector@10b35220 -- APPARENT DEADLOCK!!! Complete Status: 
	Managed Threads: 3
	Active Threads: 3
	Active Tasks: 
		com.mchange.v2.resourcepool.BasicResourcePool$AcquireTask@3b2890ed (com.mchange.v2.async.ThreadPoolAsynchronousRunner$PoolThread-#2)
		com.mchange.v2.resourcepool.BasicResourcePool$AcquireTask@421cdfca (com.mchange.v2.async.ThreadPoolAsynchronousRunner$PoolThread-#1)
		com.mchange.v2.resourcepool.BasicResourcePool$AcquireTask@74511039 (com.mchange.v2.async.ThreadPoolAsynchronousRunner$PoolThread-#0)
	Pending Tasks: 
		com.mchange.v2.resourcepool.BasicResourcePool$AcquireTask@11b858be
		com.mchange.v2.resourcepool.BasicResourcePool$AcquireTask@6e681d9c
		com.mchange.v2.resourcepool.BasicResourcePool$AcquireTask@4aae6d14
		com.mchange.v2.resourcepool.BasicResourcePool$AcquireTask@36027ca0
		com.mchange.v2.resourcepool.BasicResourcePool$AcquireTask@652cbf76
		com.mchange.v2.resourcepool.BasicResourcePool$AcquireTask@4b06dab2
		com.mchange.v2.resourcepool.BasicResourcePool$AcquireTask@7279d80b
Pool thread stack traces:
	Thread[com.mchange.v2.async.ThreadPoolAsynchronousRunner$PoolThread-#2,5,main]
		java.net.DualStackPlainSocketImpl.connect0(Native Method)
		java.net.DualStackPlainSocketImpl.socketConnect(DualStackPlainSocketImpl.java:79)
		java.net.AbstractPlainSocketImpl.doConnect(AbstractPlainSocketImpl.java:350)
		java.net.AbstractPlainSocketImpl.connectToAddress(AbstractPlainSocketImpl.java:206)
		java.net.AbstractPlainSocketImpl.connect(AbstractPlainSocketImpl.java:188)
		java.net.PlainSocketImpl.connect(PlainSocketImpl.java:172)
		java.net.SocksSocketImpl.connect(SocksSocketImpl.java:392)
		java.net.Socket.connect(Socket.java:589)
		com.mysql.jdbc.StandardSocketFactory.connect(StandardSocketFactory.java:213)
		com.mysql.jdbc.MysqlIO.<init>(MysqlIO.java:297)
		com.mysql.jdbc.ConnectionImpl.coreConnect(ConnectionImpl.java:2237)
		com.mysql.jdbc.ConnectionImpl.connectOneTryOnly(ConnectionImpl.java:2270)
		com.mysql.jdbc.ConnectionImpl.createNewIO(ConnectionImpl.java:2069)
		com.mysql.jdbc.ConnectionImpl.<init>(ConnectionImpl.java:794)
		com.mysql.jdbc.JDBC4Connection.<init>(JDBC4Connection.java:44)
		sun.reflect.NativeConstructorAccessorImpl.newInstance0(Native Method)
		sun.reflect.NativeConstructorAccessorImpl.newInstance(NativeConstructorAccessorImpl.java:62)
		sun.reflect.DelegatingConstructorAccessorImpl.newInstance(DelegatingConstructorAccessorImpl.java:45)
		java.lang.reflect.Constructor.newInstance(Constructor.java:423)
		com.mysql.jdbc.Util.handleNewInstance(Util.java:389)
		com.mysql.jdbc.ConnectionImpl.getInstance(ConnectionImpl.java:399)
		com.mysql.jdbc.NonRegisteringDriver.connect(NonRegisteringDriver.java:325)
		com.mchange.v2.c3p0.DriverManagerDataSource.getConnection(DriverManagerDataSource.java:134)
		com.mchange.v2.c3p0.WrapperConnectionPoolDataSource.getPooledConnection(WrapperConnectionPoolDataSource.java:182)
		com.mchange.v2.c3p0.WrapperConnectionPoolDataSource.getPooledConnection(WrapperConnectionPoolDataSource.java:171)
		com.mchange.v2.c3p0.impl.C3P0PooledConnectionPool$1PooledConnectionResourcePoolManager.acquireResource(C3P0PooledConnectionPool.java:137)
		com.mchange.v2.resourcepool.BasicResourcePool.doAcquire(BasicResourcePool.java:1014)
		com.mchange.v2.resourcepool.BasicResourcePool.access$800(BasicResourcePool.java:32)
		com.mchange.v2.resourcepool.BasicResourcePool$AcquireTask.run(BasicResourcePool.java:1810)
		com.mchange.v2.async.ThreadPoolAsynchronousRunner$PoolThread.run(ThreadPoolAsynchronousRunner.java:547)
	Thread[com.mchange.v2.async.ThreadPoolAsynchronousRunner$PoolThread-#1,5,main]
		java.net.DualStackPlainSocketImpl.connect0(Native Method)
		java.net.DualStackPlainSocketImpl.socketConnect(DualStackPlainSocketImpl.java:79)
		java.net.AbstractPlainSocketImpl.doConnect(AbstractPlainSocketImpl.java:350)
		java.net.AbstractPlainSocketImpl.connectToAddress(AbstractPlainSocketImpl.java:206)
		java.net.AbstractPlainSocketImpl.connect(AbstractPlainSocketImpl.java:188)
		java.net.PlainSocketImpl.connect(PlainSocketImpl.java:172)
		java.net.SocksSocketImpl.connect(SocksSocketImpl.java:392)
		java.net.Socket.connect(Socket.java:589)
		com.mysql.jdbc.StandardSocketFactory.connect(StandardSocketFactory.java:213)
		com.mysql.jdbc.MysqlIO.<init>(MysqlIO.java:297)
		com.mysql.jdbc.ConnectionImpl.coreConnect(ConnectionImpl.java:2237)
		com.mysql.jdbc.ConnectionImpl.connectOneTryOnly(ConnectionImpl.java:2270)
		com.mysql.jdbc.ConnectionImpl.createNewIO(ConnectionImpl.java:2069)
		com.mysql.jdbc.ConnectionImpl.<init>(ConnectionImpl.java:794)
		com.mysql.jdbc.JDBC4Connection.<init>(JDBC4Connection.java:44)
		sun.reflect.NativeConstructorAccessorImpl.newInstance0(Native Method)
		sun.reflect.NativeConstructorAccessorImpl.newInstance(NativeConstructorAccessorImpl.java:62)
		sun.reflect.DelegatingConstructorAccessorImpl.newInstance(DelegatingConstructorAccessorImpl.java:45)
		java.lang.reflect.Constructor.newInstance(Constructor.java:423)
		com.mysql.jdbc.Util.handleNewInstance(Util.java:389)
		com.mysql.jdbc.ConnectionImpl.getInstance(ConnectionImpl.java:399)
		com.mysql.jdbc.NonRegisteringDriver.connect(NonRegisteringDriver.java:325)
		com.mchange.v2.c3p0.DriverManagerDataSource.getConnection(DriverManagerDataSource.java:134)
		com.mchange.v2.c3p0.WrapperConnectionPoolDataSource.getPooledConnection(WrapperConnectionPoolDataSource.java:182)
		com.mchange.v2.c3p0.WrapperConnectionPoolDataSource.getPooledConnection(WrapperConnectionPoolDataSource.java:171)
		com.mchange.v2.c3p0.impl.C3P0PooledConnectionPool$1PooledConnectionResourcePoolManager.acquireResource(C3P0PooledConnectionPool.java:137)
		com.mchange.v2.resourcepool.BasicResourcePool.doAcquire(BasicResourcePool.java:1014)
		com.mchange.v2.resourcepool.BasicResourcePool.access$800(BasicResourcePool.java:32)
		com.mchange.v2.resourcepool.BasicResourcePool$AcquireTask.run(BasicResourcePool.java:1810)
		com.mchange.v2.async.ThreadPoolAsynchronousRunner$PoolThread.run(ThreadPoolAsynchronousRunner.java:547)
	Thread[com.mchange.v2.async.ThreadPoolAsynchronousRunner$PoolThread-#0,5,main]
		java.net.DualStackPlainSocketImpl.connect0(Native Method)
		java.net.DualStackPlainSocketImpl.socketConnect(DualStackPlainSocketImpl.java:79)
		java.net.AbstractPlainSocketImpl.doConnect(AbstractPlainSocketImpl.java:350)
		java.net.AbstractPlainSocketImpl.connectToAddress(AbstractPlainSocketImpl.java:206)
		java.net.AbstractPlainSocketImpl.connect(AbstractPlainSocketImpl.java:188)
		java.net.PlainSocketImpl.connect(PlainSocketImpl.java:172)
		java.net.SocksSocketImpl.connect(SocksSocketImpl.java:392)
		java.net.Socket.connect(Socket.java:589)
		com.mysql.jdbc.StandardSocketFactory.connect(StandardSocketFactory.java:213)
		com.mysql.jdbc.MysqlIO.<init>(MysqlIO.java:297)
		com.mysql.jdbc.ConnectionImpl.coreConnect(ConnectionImpl.java:2237)
		com.mysql.jdbc.ConnectionImpl.connectOneTryOnly(ConnectionImpl.java:2270)
		com.mysql.jdbc.ConnectionImpl.createNewIO(ConnectionImpl.java:2069)
		com.mysql.jdbc.ConnectionImpl.<init>(ConnectionImpl.java:794)
		com.mysql.jdbc.JDBC4Connection.<init>(JDBC4Connection.java:44)
		sun.reflect.NativeConstructorAccessorImpl.newInstance0(Native Method)
		sun.reflect.NativeConstructorAccessorImpl.newInstance(NativeConstructorAccessorImpl.java:62)
		sun.reflect.DelegatingConstructorAccessorImpl.newInstance(DelegatingConstructorAccessorImpl.java:45)
		java.lang.reflect.Constructor.newInstance(Constructor.java:423)
		com.mysql.jdbc.Util.handleNewInstance(Util.java:389)
		com.mysql.jdbc.ConnectionImpl.getInstance(ConnectionImpl.java:399)
		com.mysql.jdbc.NonRegisteringDriver.connect(NonRegisteringDriver.java:325)
		com.mchange.v2.c3p0.DriverManagerDataSource.getConnection(DriverManagerDataSource.java:134)
		com.mchange.v2.c3p0.WrapperConnectionPoolDataSource.getPooledConnection(WrapperConnectionPoolDataSource.java:182)
		com.mchange.v2.c3p0.WrapperConnectionPoolDataSource.getPooledConnection(WrapperConnectionPoolDataSource.java:171)
		com.mchange.v2.c3p0.impl.C3P0PooledConnectionPool$1PooledConnectionResourcePoolManager.acquireResource(C3P0PooledConnectionPool.java:137)
		com.mchange.v2.resourcepool.BasicResourcePool.doAcquire(BasicResourcePool.java:1014)
		com.mchange.v2.resourcepool.BasicResourcePool.access$800(BasicResourcePool.java:32)
		com.mchange.v2.resourcepool.BasicResourcePool$AcquireTask.run(BasicResourcePool.java:1810)
		com.mchange.v2.async.ThreadPoolAsynchronousRunner$PoolThread.run(ThreadPoolAsynchronousRunner.java:547)



2016-11-03 17:24:28
[WARN]-[Thread: Timer-0]-[com.mchange.v2.async.ThreadPoolAsynchronousRunner.processReplacedThreads()]: Task com.mchange.v2.resourcepool.BasicResourcePool$AcquireTask@3b2890ed (in deadlocked PoolThread) failed to complete in maximum time 60000ms. Trying interrupt().

2016-11-03 17:24:28
[WARN]-[Thread: Timer-0]-[com.mchange.v2.async.ThreadPoolAsynchronousRunner.processReplacedThreads()]: Task com.mchange.v2.resourcepool.BasicResourcePool$AcquireTask@421cdfca (in deadlocked PoolThread) failed to complete in maximum time 60000ms. Trying interrupt().

2016-11-03 17:24:28
[WARN]-[Thread: Timer-0]-[com.mchange.v2.async.ThreadPoolAsynchronousRunner.processReplacedThreads()]: Task com.mchange.v2.resourcepool.BasicResourcePool$AcquireTask@74511039 (in deadlocked PoolThread) failed to complete in maximum time 60000ms. Trying interrupt().

2016-11-03 17:24:35
[WARN]-[Thread: com.mchange.v2.async.ThreadPoolAsynchronousRunner$PoolThread-#1]-[com.mchange.v2.resourcepool.BasicResourcePool$AcquireTask.run()]: com.mchange.v2.resourcepool.BasicResourcePool@4034c28c -- Thread unexpectedly interrupted while performing an acquisition attempt.
java.lang.InterruptedException: sleep interrupted
	at java.lang.Thread.sleep(Native Method)
	at com.mchange.v2.resourcepool.BasicResourcePool$AcquireTask.run(BasicResourcePool.java:1805)
	at com.mchange.v2.async.ThreadPoolAsynchronousRunner$PoolThread.run(ThreadPoolAsynchronousRunner.java:547)

2016-11-03 17:24:35
[WARN]-[Thread: com.mchange.v2.async.ThreadPoolAsynchronousRunner$PoolThread-#2]-[com.mchange.v2.resourcepool.BasicResourcePool$AcquireTask.run()]: com.mchange.v2.resourcepool.BasicResourcePool@4034c28c -- Thread unexpectedly interrupted while performing an acquisition attempt.
java.lang.InterruptedException: sleep interrupted
	at java.lang.Thread.sleep(Native Method)
	at com.mchange.v2.resourcepool.BasicResourcePool$AcquireTask.run(BasicResourcePool.java:1805)
	at com.mchange.v2.async.ThreadPoolAsynchronousRunner$PoolThread.run(ThreadPoolAsynchronousRunner.java:547)

2016-11-03 17:24:35
[WARN]-[Thread: com.mchange.v2.async.ThreadPoolAsynchronousRunner$PoolThread-#0]-[com.mchange.v2.resourcepool.BasicResourcePool$AcquireTask.run()]: com.mchange.v2.resourcepool.BasicResourcePool@4034c28c -- Thread unexpectedly interrupted while performing an acquisition attempt.
java.lang.InterruptedException: sleep interrupted
	at java.lang.Thread.sleep(Native Method)
	at com.mchange.v2.resourcepool.BasicResourcePool$AcquireTask.run(BasicResourcePool.java:1805)
	at com.mchange.v2.async.ThreadPoolAsynchronousRunner$PoolThread.run(ThreadPoolAsynchronousRunner.java:547)

2016-11-03 17:25:29
[WARN]-[Thread: Timer-0]-[com.mchange.v2.async.ThreadPoolAsynchronousRunner$DeadlockDetector.run()]: com.mchange.v2.async.ThreadPoolAsynchronousRunner$DeadlockDetector@17644b70 -- APPARENT DEADLOCK!!! Creating emergency threads for unassigned pending tasks!

2016-11-03 17:25:29
[WARN]-[Thread: Timer-0]-[com.mchange.v2.async.ThreadPoolAsynchronousRunner$DeadlockDetector.run()]: com.mchange.v2.async.ThreadPoolAsynchronousRunner$DeadlockDetector@17644b70 -- APPARENT DEADLOCK!!! Complete Status: 
	Managed Threads: 3
	Active Threads: 3
	Active Tasks: 
		com.mchange.v2.resourcepool.BasicResourcePool$AcquireTask@3cff1e80 (com.mchange.v2.async.ThreadPoolAsynchronousRunner$PoolThread-#2)
		com.mchange.v2.resourcepool.BasicResourcePool$AcquireTask@4fc8274 (com.mchange.v2.async.ThreadPoolAsynchronousRunner$PoolThread-#1)
		com.mchange.v2.resourcepool.BasicResourcePool$AcquireTask@16d5f44 (com.mchange.v2.async.ThreadPoolAsynchronousRunner$PoolThread-#0)
	Pending Tasks: 
		com.mchange.v2.resourcepool.BasicResourcePool$AcquireTask@4e08652e
		com.mchange.v2.resourcepool.BasicResourcePool$AcquireTask@a476971
		com.mchange.v2.resourcepool.BasicResourcePool$AcquireTask@6a48b56f
		com.mchange.v2.resourcepool.BasicResourcePool$AcquireTask@134501d
		com.mchange.v2.resourcepool.BasicResourcePool$AcquireTask@c987400
		com.mchange.v2.resourcepool.BasicResourcePool$AcquireTask@3d259803
		com.mchange.v2.resourcepool.BasicResourcePool$AcquireTask@12e9a105
Pool thread stack traces:
	Thread[com.mchange.v2.async.ThreadPoolAsynchronousRunner$PoolThread-#2,5,main]
		java.net.DualStackPlainSocketImpl.connect0(Native Method)
		java.net.DualStackPlainSocketImpl.socketConnect(DualStackPlainSocketImpl.java:79)
		java.net.AbstractPlainSocketImpl.doConnect(AbstractPlainSocketImpl.java:350)
		java.net.AbstractPlainSocketImpl.connectToAddress(AbstractPlainSocketImpl.java:206)
		java.net.AbstractPlainSocketImpl.connect(AbstractPlainSocketImpl.java:188)
		java.net.PlainSocketImpl.connect(PlainSocketImpl.java:172)
		java.net.SocksSocketImpl.connect(SocksSocketImpl.java:392)
		java.net.Socket.connect(Socket.java:589)
		com.mysql.jdbc.StandardSocketFactory.connect(StandardSocketFactory.java:213)
		com.mysql.jdbc.MysqlIO.<init>(MysqlIO.java:297)
		com.mysql.jdbc.ConnectionImpl.coreConnect(ConnectionImpl.java:2237)
		com.mysql.jdbc.ConnectionImpl.connectOneTryOnly(ConnectionImpl.java:2270)
		com.mysql.jdbc.ConnectionImpl.createNewIO(ConnectionImpl.java:2069)
		com.mysql.jdbc.ConnectionImpl.<init>(ConnectionImpl.java:794)
		com.mysql.jdbc.JDBC4Connection.<init>(JDBC4Connection.java:44)
		sun.reflect.NativeConstructorAccessorImpl.newInstance0(Native Method)
		sun.reflect.NativeConstructorAccessorImpl.newInstance(NativeConstructorAccessorImpl.java:62)
		sun.reflect.DelegatingConstructorAccessorImpl.newInstance(DelegatingConstructorAccessorImpl.java:45)
		java.lang.reflect.Constructor.newInstance(Constructor.java:423)
		com.mysql.jdbc.Util.handleNewInstance(Util.java:389)
		com.mysql.jdbc.ConnectionImpl.getInstance(ConnectionImpl.java:399)
		com.mysql.jdbc.NonRegisteringDriver.connect(NonRegisteringDriver.java:325)
		com.mchange.v2.c3p0.DriverManagerDataSource.getConnection(DriverManagerDataSource.java:134)
		com.mchange.v2.c3p0.WrapperConnectionPoolDataSource.getPooledConnection(WrapperConnectionPoolDataSource.java:182)
		com.mchange.v2.c3p0.WrapperConnectionPoolDataSource.getPooledConnection(WrapperConnectionPoolDataSource.java:171)
		com.mchange.v2.c3p0.impl.C3P0PooledConnectionPool$1PooledConnectionResourcePoolManager.acquireResource(C3P0PooledConnectionPool.java:137)
		com.mchange.v2.resourcepool.BasicResourcePool.doAcquire(BasicResourcePool.java:1014)
		com.mchange.v2.resourcepool.BasicResourcePool.access$800(BasicResourcePool.java:32)
		com.mchange.v2.resourcepool.BasicResourcePool$AcquireTask.run(BasicResourcePool.java:1810)
		com.mchange.v2.async.ThreadPoolAsynchronousRunner$PoolThread.run(ThreadPoolAsynchronousRunner.java:547)
	Thread[com.mchange.v2.async.ThreadPoolAsynchronousRunner$PoolThread-#1,5,main]
		java.net.DualStackPlainSocketImpl.connect0(Native Method)
		java.net.DualStackPlainSocketImpl.socketConnect(DualStackPlainSocketImpl.java:79)
		java.net.AbstractPlainSocketImpl.doConnect(AbstractPlainSocketImpl.java:350)
		java.net.AbstractPlainSocketImpl.connectToAddress(AbstractPlainSocketImpl.java:206)
		java.net.AbstractPlainSocketImpl.connect(AbstractPlainSocketImpl.java:188)
		java.net.PlainSocketImpl.connect(PlainSocketImpl.java:172)
		java.net.SocksSocketImpl.connect(SocksSocketImpl.java:392)
		java.net.Socket.connect(Socket.java:589)
		com.mysql.jdbc.StandardSocketFactory.connect(StandardSocketFactory.java:213)
		com.mysql.jdbc.MysqlIO.<init>(MysqlIO.java:297)
		com.mysql.jdbc.ConnectionImpl.coreConnect(ConnectionImpl.java:2237)
		com.mysql.jdbc.ConnectionImpl.connectOneTryOnly(ConnectionImpl.java:2270)
		com.mysql.jdbc.ConnectionImpl.createNewIO(ConnectionImpl.java:2069)
		com.mysql.jdbc.ConnectionImpl.<init>(ConnectionImpl.java:794)
		com.mysql.jdbc.JDBC4Connection.<init>(JDBC4Connection.java:44)
		sun.reflect.NativeConstructorAccessorImpl.newInstance0(Native Method)
		sun.reflect.NativeConstructorAccessorImpl.newInstance(NativeConstructorAccessorImpl.java:62)
		sun.reflect.DelegatingConstructorAccessorImpl.newInstance(DelegatingConstructorAccessorImpl.java:45)
		java.lang.reflect.Constructor.newInstance(Constructor.java:423)
		com.mysql.jdbc.Util.handleNewInstance(Util.java:389)
		com.mysql.jdbc.ConnectionImpl.getInstance(ConnectionImpl.java:399)
		com.mysql.jdbc.NonRegisteringDriver.connect(NonRegisteringDriver.java:325)
		com.mchange.v2.c3p0.DriverManagerDataSource.getConnection(DriverManagerDataSource.java:134)
		com.mchange.v2.c3p0.WrapperConnectionPoolDataSource.getPooledConnection(WrapperConnectionPoolDataSource.java:182)
		com.mchange.v2.c3p0.WrapperConnectionPoolDataSource.getPooledConnection(WrapperConnectionPoolDataSource.java:171)
		com.mchange.v2.c3p0.impl.C3P0PooledConnectionPool$1PooledConnectionResourcePoolManager.acquireResource(C3P0PooledConnectionPool.java:137)
		com.mchange.v2.resourcepool.BasicResourcePool.doAcquire(BasicResourcePool.java:1014)
		com.mchange.v2.resourcepool.BasicResourcePool.access$800(BasicResourcePool.java:32)
		com.mchange.v2.resourcepool.BasicResourcePool$AcquireTask.run(BasicResourcePool.java:1810)
		com.mchange.v2.async.ThreadPoolAsynchronousRunner$PoolThread.run(ThreadPoolAsynchronousRunner.java:547)
	Thread[com.mchange.v2.async.ThreadPoolAsynchronousRunner$PoolThread-#0,5,main]
		java.net.DualStackPlainSocketImpl.connect0(Native Method)
		java.net.DualStackPlainSocketImpl.socketConnect(DualStackPlainSocketImpl.java:79)
		java.net.AbstractPlainSocketImpl.doConnect(AbstractPlainSocketImpl.java:350)
		java.net.AbstractPlainSocketImpl.connectToAddress(AbstractPlainSocketImpl.java:206)
		java.net.AbstractPlainSocketImpl.connect(AbstractPlainSocketImpl.java:188)
		java.net.PlainSocketImpl.connect(PlainSocketImpl.java:172)
		java.net.SocksSocketImpl.connect(SocksSocketImpl.java:392)
		java.net.Socket.connect(Socket.java:589)
		com.mysql.jdbc.StandardSocketFactory.connect(StandardSocketFactory.java:213)
		com.mysql.jdbc.MysqlIO.<init>(MysqlIO.java:297)
		com.mysql.jdbc.ConnectionImpl.coreConnect(ConnectionImpl.java:2237)
		com.mysql.jdbc.ConnectionImpl.connectOneTryOnly(ConnectionImpl.java:2270)
		com.mysql.jdbc.ConnectionImpl.createNewIO(ConnectionImpl.java:2069)
		com.mysql.jdbc.ConnectionImpl.<init>(ConnectionImpl.java:794)
		com.mysql.jdbc.JDBC4Connection.<init>(JDBC4Connection.java:44)
		sun.reflect.NativeConstructorAccessorImpl.newInstance0(Native Method)
		sun.reflect.NativeConstructorAccessorImpl.newInstance(NativeConstructorAccessorImpl.java:62)
		sun.reflect.DelegatingConstructorAccessorImpl.newInstance(DelegatingConstructorAccessorImpl.java:45)
		java.lang.reflect.Constructor.newInstance(Constructor.java:423)
		com.mysql.jdbc.Util.handleNewInstance(Util.java:389)
		com.mysql.jdbc.ConnectionImpl.getInstance(ConnectionImpl.java:399)
		com.mysql.jdbc.NonRegisteringDriver.connect(NonRegisteringDriver.java:325)
		com.mchange.v2.c3p0.DriverManagerDataSource.getConnection(DriverManagerDataSource.java:134)
		com.mchange.v2.c3p0.WrapperConnectionPoolDataSource.getPooledConnection(WrapperConnectionPoolDataSource.java:182)
		com.mchange.v2.c3p0.WrapperConnectionPoolDataSource.getPooledConnection(WrapperConnectionPoolDataSource.java:171)
		com.mchange.v2.c3p0.impl.C3P0PooledConnectionPool$1PooledConnectionResourcePoolManager.acquireResource(C3P0PooledConnectionPool.java:137)
		com.mchange.v2.resourcepool.BasicResourcePool.doAcquire(BasicResourcePool.java:1014)
		com.mchange.v2.resourcepool.BasicResourcePool.access$800(BasicResourcePool.java:32)
		com.mchange.v2.resourcepool.BasicResourcePool$AcquireTask.run(BasicResourcePool.java:1810)
		com.mchange.v2.async.ThreadPoolAsynchronousRunner$PoolThread.run(ThreadPoolAsynchronousRunner.java:547)



2016-11-03 17:26:29
[WARN]-[Thread: Timer-0]-[com.mchange.v2.async.ThreadPoolAsynchronousRunner.processReplacedThreads()]: Task com.mchange.v2.resourcepool.BasicResourcePool$AcquireTask@3cff1e80 (in deadlocked PoolThread) failed to complete in maximum time 60000ms. Trying interrupt().

2016-11-03 17:26:29
[WARN]-[Thread: Timer-0]-[com.mchange.v2.async.ThreadPoolAsynchronousRunner.processReplacedThreads()]: Task com.mchange.v2.resourcepool.BasicResourcePool$AcquireTask@4fc8274 (in deadlocked PoolThread) failed to complete in maximum time 60000ms. Trying interrupt().

2016-11-03 17:26:29
[WARN]-[Thread: Timer-0]-[com.mchange.v2.async.ThreadPoolAsynchronousRunner.processReplacedThreads()]: Task com.mchange.v2.resourcepool.BasicResourcePool$AcquireTask@16d5f44 (in deadlocked PoolThread) failed to complete in maximum time 60000ms. Trying interrupt().

2016-11-03 17:26:36
[WARN]-[Thread: com.mchange.v2.async.ThreadPoolAsynchronousRunner$PoolThread-#2]-[com.mchange.v2.resourcepool.BasicResourcePool$AcquireTask.run()]: com.mchange.v2.resourcepool.BasicResourcePool@4034c28c -- Thread unexpectedly interrupted while performing an acquisition attempt.
java.lang.InterruptedException: sleep interrupted
	at java.lang.Thread.sleep(Native Method)
	at com.mchange.v2.resourcepool.BasicResourcePool$AcquireTask.run(BasicResourcePool.java:1805)
	at com.mchange.v2.async.ThreadPoolAsynchronousRunner$PoolThread.run(ThreadPoolAsynchronousRunner.java:547)

2016-11-03 17:26:36
[WARN]-[Thread: com.mchange.v2.async.ThreadPoolAsynchronousRunner$PoolThread-#0]-[com.mchange.v2.resourcepool.BasicResourcePool$AcquireTask.run()]: com.mchange.v2.resourcepool.BasicResourcePool@4034c28c -- Thread unexpectedly interrupted while performing an acquisition attempt.
java.lang.InterruptedException: sleep interrupted
	at java.lang.Thread.sleep(Native Method)
	at com.mchange.v2.resourcepool.BasicResourcePool$AcquireTask.run(BasicResourcePool.java:1805)
	at com.mchange.v2.async.ThreadPoolAsynchronousRunner$PoolThread.run(ThreadPoolAsynchronousRunner.java:547)

2016-11-03 17:26:36
[WARN]-[Thread: com.mchange.v2.async.ThreadPoolAsynchronousRunner$PoolThread-#1]-[com.mchange.v2.resourcepool.BasicResourcePool$AcquireTask.run()]: com.mchange.v2.resourcepool.BasicResourcePool@4034c28c -- Thread unexpectedly interrupted while performing an acquisition attempt.
java.lang.InterruptedException: sleep interrupted
	at java.lang.Thread.sleep(Native Method)
	at com.mchange.v2.resourcepool.BasicResourcePool$AcquireTask.run(BasicResourcePool.java:1805)
	at com.mchange.v2.async.ThreadPoolAsynchronousRunner$PoolThread.run(ThreadPoolAsynchronousRunner.java:547)
